<?xml version="1.0" encoding="UTF-8"?>
<!-- Generated by org.testng.reporters.JUnitXMLReporter -->
<testsuite hostname="Ravindrakumar-PC" name="Default test" tests="5" failures="0" timestamp="29 Jan 2020 18:25:10 GMT" time="85.302" errors="0">
  <testcase name="loginPage" time="8.599" classname="Pageobject.java.Logindetail"/>
  <testcase name="serchproduct" time="22.466" classname="Pageobject.java.Logindetail"/>
  <testcase name="productorderplace" time="9.76" classname="Pageobject.java.Logindetail"/>
  <testcase name="orderhistory" time="15.601" classname="Pageobject.java.Logindetail"/>
  <testcase name="MyAccount" time="6.993" classname="Pageobject.java.Logindetail"/>
</testsuite> <!-- Default test -->
